   1                             		.file	"KAEDE_GCC.c"
   2                             		.section P,"ax"
   3                             	.Ltext0:
   4                             		.section	.text.main,"ax",@progbits
   5                             		.global	_main
   7                             	_main:
   8                             	.LFB0:
   9                             		.file 1 "../src/KAEDE_GCC.c"
   1:../src/KAEDE_GCC.c **** /***************************************************************/
   2:../src/KAEDE_GCC.c **** /*                                                             */
   3:../src/KAEDE_GCC.c **** /*      PROJECT NAME :  KAEDE_GCC                              */
   4:../src/KAEDE_GCC.c **** /*      FILE         :  KAEDE_GCC.c                            */
   5:../src/KAEDE_GCC.c **** /*      DESCRIPTION  :  Main Program                           */
   6:../src/KAEDE_GCC.c **** /*                                                             */
   7:../src/KAEDE_GCC.c **** /*      This file was generated by e2 studio.                  */
   8:../src/KAEDE_GCC.c **** /*                                                             */
   9:../src/KAEDE_GCC.c **** /***************************************************************/
  10:../src/KAEDE_GCC.c **** 
  11:../src/KAEDE_GCC.c **** #include <iodefine.h>
  12:../src/KAEDE_GCC.c **** 
  13:../src/KAEDE_GCC.c **** #ifdef CPPAPP
  14:../src/KAEDE_GCC.c **** //Initialize global constructors
  15:../src/KAEDE_GCC.c **** extern void __main()
  16:../src/KAEDE_GCC.c **** {
  17:../src/KAEDE_GCC.c ****   static int initialized;
  18:../src/KAEDE_GCC.c ****   if (! initialized)
  19:../src/KAEDE_GCC.c ****     {
  20:../src/KAEDE_GCC.c ****       typedef void (*pfunc) ();
  21:../src/KAEDE_GCC.c ****       extern pfunc __ctors[];
  22:../src/KAEDE_GCC.c ****       extern pfunc __ctors_end[];
  23:../src/KAEDE_GCC.c ****       pfunc *p;
  24:../src/KAEDE_GCC.c **** 
  25:../src/KAEDE_GCC.c ****       initialized = 1;
  26:../src/KAEDE_GCC.c ****       for (p = __ctors_end; p > __ctors; )
  27:../src/KAEDE_GCC.c ****     (*--p) ();
  28:../src/KAEDE_GCC.c **** 
  29:../src/KAEDE_GCC.c ****     }
  30:../src/KAEDE_GCC.c **** }
  31:../src/KAEDE_GCC.c **** #endif 
  32:../src/KAEDE_GCC.c **** 
  33:../src/KAEDE_GCC.c **** int main(void) {
  10                             		.loc 1 33 16
  11 0000 7E AA                   		push.l	r10
  12                             	.LCFI0:
  13 0002 EF 0A                   		mov.L	r0, r10
  14                             	.LCFI1:
  15                             	.L2:
  34:../src/KAEDE_GCC.c **** 
  35:../src/KAEDE_GCC.c ****     while(1) {
  16                             		.loc 1 35 10 discriminator 1
  17 0004 2E 00                   		bra	.L2
  18                             	.LFE0:
  56                             	.Letext0:
